<?xml version="1.0" encoding="UTF-8"?>
<testng-results ignored="0" total="1" passed="1" failed="0" skipped="0">
  <reporter-output>
  </reporter-output>
  <suite started-at="2022-10-23T16:42:11 IST" name="Suite" finished-at="2022-10-23T16:46:07 IST" duration-ms="236369">
    <groups>
    </groups>
    <test started-at="2022-10-23T16:42:11 IST" name="Test" finished-at="2022-10-23T16:46:07 IST" duration-ms="236369">
      <class name="com.TestCases.TestCases">
        <test-method is-config="true" signature="Setup()[pri:0, instance:com.TestCases.TestCases@61dd025]" started-at="2022-10-23T16:42:11 IST" name="Setup" finished-at="2022-10-23T16:42:22 IST" duration-ms="11422" status="PASS">
          <reporter-output>
          </reporter-output>
        </test-method> <!-- Setup -->
        <test-method signature="testmethod(java.lang.String, java.lang.String, java.lang.String, java.lang.String)[pri:0, instance:com.TestCases.TestCases@61dd025]" started-at="2022-10-23T16:42:22 IST" name="testmethod" finished-at="2022-10-23T16:46:07 IST" duration-ms="224916" status="PASS">
          <params>
            <param index="0">
              <value>
                <![CDATA[Sanju]]>
              </value>
            </param>
            <param index="1">
              <value>
                <![CDATA[Sharma]]>
              </value>
            </param>
            <param index="2">
              <value>
                <![CDATA[san25]]>
              </value>
            </param>
            <param index="3">
              <value>
                <![CDATA[7687952818]]>
              </value>
            </param>
          </params>
          <reporter-output>
          </reporter-output>
        </test-method> <!-- testmethod -->
      </class> <!-- com.TestCases.TestCases -->
    </test> <!-- Test -->
  </suite> <!-- Suite -->
</testng-results>
